# JRE version: OpenJDK Runtime Environment Corretto-17.0.15.6.1 (17.0.15+6) (build 17.0.15+6-LTS)
# Java VM: OpenJDK 64-Bit Server VM Corretto-17.0.15.6.1 (17.0.15+6-LTS, mixed mode, sharing, tiered, compressed oops, compressed class ptrs, g1 gc, windows-amd64)
GC Precious Log:
 CPUs: 12 total, 12 available
 Memory: 15762M
 Large Page Support: Disabled
 NUMA Support: Disabled
 Compressed Oops: Enabled (Zero based)
 Heap Region Size: 2M
 Heap Min Capacity: 8M
 Heap Initial Capacity: 248M
 Heap Max Capacity: 3942M
 Pre-touch: Disabled
 Parallel Workers: 10
 Concurrent Workers: 3
 Concurrent Refinement Workers: 10
 Periodic GC: Disabled
Heap:
 garbage-first heap   total 122880K, used 44061K [0x0000000709a00000, 0x0000000800000000)
  region size 2048K, 5 young (10240K), 4 survivors (8192K)
 Metaspace       used 44068K, committed 44480K, reserved 1114112K
  class space    used 5750K, committed 5952K, reserved 1048576K
GC Heap History (20 events):
Event: 1.732 GC heap before
{Heap before GC invocations=4 (full 0):
 garbage-first heap   total 55296K, used 38470K [0x0000000709a00000, 0x0000000800000000)
  region size 2048K, 17 young (34816K), 4 survivors (8192K)
 Metaspace       used 24323K, committed 24704K, reserved 1114112K
  class space    used 3145K, committed 3328K, reserved 1048576K
}
Event: 1.738 GC heap after
{Heap after GC invocations=5 (full 0):
 garbage-first heap   total 55296K, used 13450K [0x0000000709a00000, 0x0000000800000000)
  region size 2048K, 2 young (4096K), 2 survivors (4096K)
 Metaspace       used 24323K, committed 24704K, reserved 1114112K
  class space    used 3145K, committed 3328K, reserved 1048576K
}
Event: 1.762 GC heap before
{Heap before GC invocations=5 (full 0):
 garbage-first heap   total 55296K, used 15498K [0x0000000709a00000, 0x0000000800000000)
  region size 2048K, 3 young (6144K), 2 survivors (4096K)
 Metaspace       used 24560K, committed 24896K, reserved 1114112K
  class space    used 3164K, committed 3328K, reserved 1048576K
}
Event: 1.768 GC heap after
{Heap after GC invocations=6 (full 0):
 garbage-first heap   total 55296K, used 14351K [0x0000000709a00000, 0x0000000800000000)
  region size 2048K, 1 young (2048K), 1 survivors (2048K)
 Metaspace       used 24560K, committed 24896K, reserved 1114112K
  class space    used 3164K, committed 3328K, reserved 1048576K
}
Event: 2.140 GC heap before
{Heap before GC invocations=6 (full 0):
 garbage-first heap   total 55296K, used 34831K [0x0000000709a00000, 0x0000000800000000)
  region size 2048K, 12 young (24576K), 1 survivors (2048K)
 Metaspace       used 27908K, committed 28352K, reserved 1114112K
  class space    used 3624K, committed 3840K, reserved 1048576K
}
Event: 2.144 GC heap after
{Heap after GC invocations=7 (full 0):
 garbage-first heap   total 55296K, used 15620K [0x0000000709a00000, 0x0000000800000000)
  region size 2048K, 1 young (2048K), 1 survivors (2048K)
 Metaspace       used 27908K, committed 28352K, reserved 1114112K
  class space    used 3624K, committed 3840K, reserved 1048576K
}
Event: 2.546 GC heap before
{Heap before GC invocations=7 (full 0):
 garbage-first heap   total 55296K, used 38148K [0x0000000709a00000, 0x0000000800000000)
  region size 2048K, 12 young (24576K), 1 survivors (2048K)
 Metaspace       used 32488K, committed 32960K, reserved 1114112K
  class space    used 4196K, committed 4416K, reserved 1048576K
}
Event: 2.548 GC heap after
{Heap after GC invocations=8 (full 0):
 garbage-first heap   total 155648K, used 17479K [0x0000000709a00000, 0x0000000800000000)
  region size 2048K, 2 young (4096K), 2 survivors (4096K)
 Metaspace       used 32488K, committed 32960K, reserved 1114112K
  class space    used 4196K, committed 4416K, reserved 1048576K
}
Event: 2.716 GC heap before
{Heap before GC invocations=8 (full 0):
 garbage-first heap   total 155648K, used 29767K [0x0000000709a00000, 0x0000000800000000)
  region size 2048K, 9 young (18432K), 2 survivors (4096K)
 Metaspace       used 35518K, committed 35968K, reserved 1114112K
  class space    used 4614K, committed 4864K, reserved 1048576K
}
Event: 2.718 GC heap after
{Heap after GC invocations=9 (full 0):
 garbage-first heap   total 155648K, used 18155K [0x0000000709a00000, 0x0000000800000000)
  region size 2048K, 3 young (6144K), 3 survivors (6144K)
 Metaspace       used 35518K, committed 35968K, reserved 1114112K
  class space    used 4614K, committed 4864K, reserved 1048576K
}
Event: 3.321 GC heap before
{Heap before GC invocations=10 (full 0):
 garbage-first heap   total 81920K, used 61163K [0x0000000709a00000, 0x0000000800000000)
  region size 2048K, 24 young (49152K), 3 survivors (6144K)
 Metaspace       used 41968K, committed 42432K, reserved 1114112K
  class space    used 5542K, committed 5760K, reserved 1048576K
}
Event: 3.324 GC heap after
{Heap after GC invocations=11 (full 0):
 garbage-first heap   total 81920K, used 22063K [0x0000000709a00000, 0x0000000800000000)
  region size 2048K, 3 young (6144K), 3 survivors (6144K)
 Metaspace       used 41968K, committed 42432K, reserved 1114112K
  class space    used 5542K, committed 5760K, reserved 1048576K
}
Event: 3.367 GC heap before
{Heap before GC invocations=11 (full 0):
 garbage-first heap   total 81920K, used 24111K [0x0000000709a00000, 0x0000000800000000)
  region size 2048K, 4 young (8192K), 3 survivors (6144K)
 Metaspace       used 42214K, committed 42752K, reserved 1114112K
  class space    used 5570K, committed 5824K, reserved 1048576K
}
Event: 3.370 GC heap after
{Heap after GC invocations=12 (full 0):
 garbage-first heap   total 81920K, used 22883K [0x0000000709a00000, 0x0000000800000000)
  region size 2048K, 1 young (2048K), 1 survivors (2048K)
 Metaspace       used 42214K, committed 42752K, reserved 1114112K
  class space    used 5570K, committed 5824K, reserved 1048576K
}
Event: 3.501 GC heap before
{Heap before GC invocations=12 (full 0):
 garbage-first heap   total 81920K, used 61795K [0x0000000709a00000, 0x0000000800000000)
  region size 2048K, 20 young (40960K), 1 survivors (2048K)
 Metaspace       used 42647K, committed 43072K, reserved 1114112K
  class space    used 5603K, committed 5824K, reserved 1048576K
}
Event: 3.505 GC heap after
{Heap after GC invocations=13 (full 0):
 garbage-first heap   total 81920K, used 29957K [0x0000000709a00000, 0x0000000800000000)
  region size 2048K, 3 young (6144K), 3 survivors (6144K)
 Metaspace       used 42647K, committed 43072K, reserved 1114112K
  class space    used 5603K, committed 5824K, reserved 1048576K
}
Event: 3.551 GC heap before
{Heap before GC invocations=13 (full 0):
 garbage-first heap   total 81920K, used 58629K [0x0000000709a00000, 0x0000000800000000)
  region size 2048K, 18 young (36864K), 3 survivors (6144K)
 Metaspace       used 42709K, committed 43200K, reserved 1114112K
  class space    used 5603K, committed 5824K, reserved 1048576K
}
Event: 3.555 GC heap after
{Heap after GC invocations=14 (full 0):
 garbage-first heap   total 81920K, used 37551K [0x0000000709a00000, 0x0000000800000000)
  region size 2048K, 3 young (6144K), 3 survivors (6144K)
 Metaspace       used 42709K, committed 43200K, reserved 1114112K
  class space    used 5603K, committed 5824K, reserved 1048576K
}
Event: 3.602 GC heap before
{Heap before GC invocations=14 (full 0):
 garbage-first heap   total 81920K, used 58031K [0x0000000709a00000, 0x0000000800000000)
  region size 2048K, 14 young (28672K), 3 survivors (6144K)
 Metaspace       used 42810K, committed 43264K, reserved 1114112K
  class space    used 5608K, committed 5824K, reserved 1048576K
}
Event: 3.605 GC heap after
{Heap after GC invocations=15 (full 0):
 garbage-first heap   total 122880K, used 39991K [0x0000000709a00000, 0x0000000800000000)
  region size 2048K, 2 young (4096K), 2 survivors (4096K)
 Metaspace       used 42810K, committed 43264K, reserved 1114112K
  class space    used 5608K, committed 5824K, reserved 1048576K
}

